This is pdfTeX, Version 3.1415926-2.5-1.40.14 (TeX Live 2013/Arch Linux) (format=pdflatex 2013.10.27)  20 JAN 2014 11:57
entering extended mode
 restricted \write18 enabled.
 %&-line parsing enabled.
**Ausarbeitung.tex
(./Ausarbeitung.tex
LaTeX2e <2011/06/27>
Babel <3.9f> and hyphenation patterns for 78 languages loaded.
(/usr/share/texmf-dist/tex/latex/koma-script/scrartcl.cls
Document Class: scrartcl 2012/07/29 v3.11b KOMA-Script document class (article)

(/usr/share/texmf-dist/tex/latex/koma-script/scrkbase.sty
Package: scrkbase 2012/07/29 v3.11b KOMA-Script package (KOMA-Script-dependent 
basics and keyval usage)

(/usr/share/texmf-dist/tex/latex/koma-script/scrbase.sty
Package: scrbase 2012/07/29 v3.11b KOMA-Script package (KOMA-Script-independent
 basics and keyval usage)

(/usr/share/texmf-dist/tex/latex/graphics/keyval.sty
Package: keyval 1999/03/16 v1.13 key=value parser (DPC)
\KV@toks@=\toks14
)
(/usr/share/texmf-dist/tex/latex/koma-script/scrlfile.sty
Package: scrlfile 2012/06/15 v3.12 KOMA-Script package (loading files)

Package scrlfile, 2012/06/15 v3.12 KOMA-Script package (loading files)
                  Copyright (C) Markus Kohm

))) (/usr/share/texmf-dist/tex/latex/koma-script/tocbasic.sty
Package: tocbasic 2012/04/04 v3.10b KOMA-Script package (handling toc-files)
)
Package tocbasic Info: omitting babel extension for `toc'
(tocbasic)             because of feature `nobabel' available
(tocbasic)             for `toc' on input line 115.
Package tocbasic Info: omitting babel extension for `lof'
(tocbasic)             because of feature `nobabel' available
(tocbasic)             for `lof' on input line 116.
Package tocbasic Info: omitting babel extension for `lot'
(tocbasic)             because of feature `nobabel' available
(tocbasic)             for `lot' on input line 117.
Package scrartcl Info: You've used obsolete option `11pt'.
(scrartcl)             \KOMAExecuteOptions{fontsize=11pt} will be
(scrartcl)             used instead.
(scrartcl)             You may simply replace `11pt'
(scrartcl)             by `fontsize=11pt'.
Class scrartcl Info: File `scrsize11pt.clo' used to setup font sizes on input l
ine 1267.

(/usr/share/texmf-dist/tex/latex/koma-script/scrsize11pt.clo
File: scrsize11pt.clo 2012/07/29 v3.11b KOMA-Script font size class option (11p
t)
)
(/usr/share/texmf-dist/tex/latex/koma-script/typearea.sty
Package: typearea 2012/07/29 v3.11b KOMA-Script package (type area)

Package typearea, 2012/07/29 v3.11b KOMA-Script package (type area)
                  Copyright (C) Frank Neukam, 1992-1994
                  Copyright (C) Markus Kohm, 1994-

\ta@bcor=\skip41
\ta@div=\count79
\ta@hblk=\skip42
\ta@vblk=\skip43
\ta@temp=\skip44
Package typearea Info: These are the values describing the layout:
(typearea)             DIV  = 10
(typearea)             BCOR = 0.0pt
(typearea)             \paperwidth      = 597.50793pt
(typearea)              \textwidth      = 418.25555pt
(typearea)              DIV departure   = -6%
(typearea)              \evensidemargin = 17.3562pt
(typearea)              \oddsidemargin  = 17.3562pt
(typearea)             \paperheight     = 845.04694pt
(typearea)              \textheight     = 595.80026pt
(typearea)              \topmargin      = -25.16531pt
(typearea)              \headheight     = 17.0pt
(typearea)              \headsep        = 20.40001pt
(typearea)              \topskip        = 11.0pt
(typearea)              \footskip       = 47.60002pt
(typearea)              \baselineskip   = 13.6pt
(typearea)              on input line 1213.
)
\c@part=\count80
\c@section=\count81
\c@subsection=\count82
\c@subsubsection=\count83
\c@paragraph=\count84
\c@subparagraph=\count85
\abovecaptionskip=\skip45
\belowcaptionskip=\skip46
\c@pti@nb@sid@b@x=\box26
\c@figure=\count86
\c@table=\count87
\bibindent=\dimen102
) (/usr/share/texmf-dist/tex/latex/base/inputenc.sty
Package: inputenc 2008/03/30 v1.1d Input encoding file
\inpenc@prehook=\toks15
\inpenc@posthook=\toks16

(/usr/share/texmf-dist/tex/latex/base/utf8.def
File: utf8.def 2008/04/05 v1.1m UTF-8 support for inputenc
Now handling font encoding OML ...
... no UTF-8 mapping file for font encoding OML
Now handling font encoding T1 ...
... processing UTF-8 mapping file for font encoding T1

(/usr/share/texmf-dist/tex/latex/base/t1enc.dfu
File: t1enc.dfu 2008/04/05 v1.1m UTF-8 support for inputenc
   defining Unicode char U+00A1 (decimal 161)
   defining Unicode char U+00A3 (decimal 163)
   defining Unicode char U+00AB (decimal 171)
   defining Unicode char U+00BB (decimal 187)
   defining Unicode char U+00BF (decimal 191)
   defining Unicode char U+00C0 (decimal 192)
   defining Unicode char U+00C1 (decimal 193)
   defining Unicode char U+00C2 (decimal 194)
   defining Unicode char U+00C3 (decimal 195)
   defining Unicode char U+00C4 (decimal 196)
   defining Unicode char U+00C5 (decimal 197)
   defining Unicode char U+00C6 (decimal 198)
   defining Unicode char U+00C7 (decimal 199)
   defining Unicode char U+00C8 (decimal 200)
   defining Unicode char U+00C9 (decimal 201)
   defining Unicode char U+00CA (decimal 202)
   defining Unicode char U+00CB (decimal 203)
   defining Unicode char U+00CC (decimal 204)
   defining Unicode char U+00CD (decimal 205)
   defining Unicode char U+00CE (decimal 206)
   defining Unicode char U+00CF (decimal 207)
   defining Unicode char U+00D0 (decimal 208)
   defining Unicode char U+00D1 (decimal 209)
   defining Unicode char U+00D2 (decimal 210)
   defining Unicode char U+00D3 (decimal 211)
   defining Unicode char U+00D4 (decimal 212)
   defining Unicode char U+00D5 (decimal 213)
   defining Unicode char U+00D6 (decimal 214)
   defining Unicode char U+00D8 (decimal 216)
   defining Unicode char U+00D9 (decimal 217)
   defining Unicode char U+00DA (decimal 218)
   defining Unicode char U+00DB (decimal 219)
   defining Unicode char U+00DC (decimal 220)
   defining Unicode char U+00DD (decimal 221)
   defining Unicode char U+00DE (decimal 222)
   defining Unicode char U+00DF (decimal 223)
   defining Unicode char U+00E0 (decimal 224)
   defining Unicode char U+00E1 (decimal 225)
   defining Unicode char U+00E2 (decimal 226)
   defining Unicode char U+00E3 (decimal 227)
   defining Unicode char U+00E4 (decimal 228)
   defining Unicode char U+00E5 (decimal 229)
   defining Unicode char U+00E6 (decimal 230)
   defining Unicode char U+00E7 (decimal 231)
   defining Unicode char U+00E8 (decimal 232)
   defining Unicode char U+00E9 (decimal 233)
   defining Unicode char U+00EA (decimal 234)
   defining Unicode char U+00EB (decimal 235)
   defining Unicode char U+00EC (decimal 236)
   defining Unicode char U+00ED (decimal 237)
   defining Unicode char U+00EE (decimal 238)
   defining Unicode char U+00EF (decimal 239)
   defining Unicode char U+00F0 (decimal 240)
   defining Unicode char U+00F1 (decimal 241)
   defining Unicode char U+00F2 (decimal 242)
   defining Unicode char U+00F3 (decimal 243)
   defining Unicode char U+00F4 (decimal 244)
   defining Unicode char U+00F5 (decimal 245)
   defining Unicode char U+00F6 (decimal 246)
   defining Unicode char U+00F8 (decimal 248)
   defining Unicode char U+00F9 (decimal 249)
   defining Unicode char U+00FA (decimal 250)
   defining Unicode char U+00FB (decimal 251)
   defining Unicode char U+00FC (decimal 252)
   defining Unicode char U+00FD (decimal 253)
   defining Unicode char U+00FE (decimal 254)
   defining Unicode char U+00FF (decimal 255)
   defining Unicode char U+0102 (decimal 258)
   defining Unicode char U+0103 (decimal 259)
   defining Unicode char U+0104 (decimal 260)
   defining Unicode char U+0105 (decimal 261)
   defining Unicode char U+0106 (decimal 262)
   defining Unicode char U+0107 (decimal 263)
   defining Unicode char U+010C (decimal 268)
   defining Unicode char U+010D (decimal 269)
   defining Unicode char U+010E (decimal 270)
   defining Unicode char U+010F (decimal 271)
   defining Unicode char U+0110 (decimal 272)
   defining Unicode char U+0111 (decimal 273)
   defining Unicode char U+0118 (decimal 280)
   defining Unicode char U+0119 (decimal 281)
   defining Unicode char U+011A (decimal 282)
   defining Unicode char U+011B (decimal 283)
   defining Unicode char U+011E (decimal 286)
   defining Unicode char U+011F (decimal 287)
   defining Unicode char U+0130 (decimal 304)
   defining Unicode char U+0131 (decimal 305)
   defining Unicode char U+0132 (decimal 306)
   defining Unicode char U+0133 (decimal 307)
   defining Unicode char U+0139 (decimal 313)
   defining Unicode char U+013A (decimal 314)
   defining Unicode char U+013D (decimal 317)
   defining Unicode char U+013E (decimal 318)
   defining Unicode char U+0141 (decimal 321)
   defining Unicode char U+0142 (decimal 322)
   defining Unicode char U+0143 (decimal 323)
   defining Unicode char U+0144 (decimal 324)
   defining Unicode char U+0147 (decimal 327)
   defining Unicode char U+0148 (decimal 328)
   defining Unicode char U+014A (decimal 330)
   defining Unicode char U+014B (decimal 331)
   defining Unicode char U+0150 (decimal 336)
   defining Unicode char U+0151 (decimal 337)
   defining Unicode char U+0152 (decimal 338)
   defining Unicode char U+0153 (decimal 339)
   defining Unicode char U+0154 (decimal 340)
   defining Unicode char U+0155 (decimal 341)
   defining Unicode char U+0158 (decimal 344)
   defining Unicode char U+0159 (decimal 345)
   defining Unicode char U+015A (decimal 346)
   defining Unicode char U+015B (decimal 347)
   defining Unicode char U+015E (decimal 350)
   defining Unicode char U+015F (decimal 351)
   defining Unicode char U+0160 (decimal 352)
   defining Unicode char U+0161 (decimal 353)
   defining Unicode char U+0162 (decimal 354)
   defining Unicode char U+0163 (decimal 355)
   defining Unicode char U+0164 (decimal 356)
   defining Unicode char U+0165 (decimal 357)
   defining Unicode char U+016E (decimal 366)
   defining Unicode char U+016F (decimal 367)
   defining Unicode char U+0170 (decimal 368)
   defining Unicode char U+0171 (decimal 369)
   defining Unicode char U+0178 (decimal 376)
   defining Unicode char U+0179 (decimal 377)
   defining Unicode char U+017A (decimal 378)
   defining Unicode char U+017B (decimal 379)
   defining Unicode char U+017C (decimal 380)
   defining Unicode char U+017D (decimal 381)
   defining Unicode char U+017E (decimal 382)
   defining Unicode char U+200C (decimal 8204)
   defining Unicode char U+2013 (decimal 8211)
   defining Unicode char U+2014 (decimal 8212)
   defining Unicode char U+2018 (decimal 8216)
   defining Unicode char U+2019 (decimal 8217)
   defining Unicode char U+201A (decimal 8218)
   defining Unicode char U+201C (decimal 8220)
   defining Unicode char U+201D (decimal 8221)
   defining Unicode char U+201E (decimal 8222)
   defining Unicode char U+2030 (decimal 8240)
   defining Unicode char U+2031 (decimal 8241)
   defining Unicode char U+2039 (decimal 8249)
   defining Unicode char U+203A (decimal 8250)
   defining Unicode char U+2423 (decimal 9251)
)
Now handling font encoding OT1 ...
... processing UTF-8 mapping file for font encoding OT1

(/usr/share/texmf-dist/tex/latex/base/ot1enc.dfu
File: ot1enc.dfu 2008/04/05 v1.1m UTF-8 support for inputenc
   defining Unicode char U+00A1 (decimal 161)
   defining Unicode char U+00A3 (decimal 163)
   defining Unicode char U+00B8 (decimal 184)
   defining Unicode char U+00BF (decimal 191)
   defining Unicode char U+00C5 (decimal 197)
   defining Unicode char U+00C6 (decimal 198)
   defining Unicode char U+00D8 (decimal 216)
   defining Unicode char U+00DF (decimal 223)
   defining Unicode char U+00E6 (decimal 230)
   defining Unicode char U+00EC (decimal 236)
   defining Unicode char U+00ED (decimal 237)
   defining Unicode char U+00EE (decimal 238)
   defining Unicode char U+00EF (decimal 239)
   defining Unicode char U+00F8 (decimal 248)
   defining Unicode char U+0131 (decimal 305)
   defining Unicode char U+0141 (decimal 321)
   defining Unicode char U+0142 (decimal 322)
   defining Unicode char U+0152 (decimal 338)
   defining Unicode char U+0153 (decimal 339)
   defining Unicode char U+2013 (decimal 8211)
   defining Unicode char U+2014 (decimal 8212)
   defining Unicode char U+2018 (decimal 8216)
   defining Unicode char U+2019 (decimal 8217)
   defining Unicode char U+201C (decimal 8220)
   defining Unicode char U+201D (decimal 8221)
)
Now handling font encoding OMS ...
... processing UTF-8 mapping file for font encoding OMS

(/usr/share/texmf-dist/tex/latex/base/omsenc.dfu
File: omsenc.dfu 2008/04/05 v1.1m UTF-8 support for inputenc
   defining Unicode char U+00A7 (decimal 167)
   defining Unicode char U+00B6 (decimal 182)
   defining Unicode char U+00B7 (decimal 183)
   defining Unicode char U+2020 (decimal 8224)
   defining Unicode char U+2021 (decimal 8225)
   defining Unicode char U+2022 (decimal 8226)
)
Now handling font encoding OMX ...
... no UTF-8 mapping file for font encoding OMX
Now handling font encoding U ...
... no UTF-8 mapping file for font encoding U
   defining Unicode char U+00A9 (decimal 169)
   defining Unicode char U+00AA (decimal 170)
   defining Unicode char U+00AE (decimal 174)
   defining Unicode char U+00BA (decimal 186)
   defining Unicode char U+02C6 (decimal 710)
   defining Unicode char U+02DC (decimal 732)
   defining Unicode char U+200C (decimal 8204)
   defining Unicode char U+2026 (decimal 8230)
   defining Unicode char U+2122 (decimal 8482)
   defining Unicode char U+2423 (decimal 9251)
))
(/usr/share/texmf-dist/tex/generic/babel/babel.sty
Package: babel 2013/05/16 v3.9f The Babel package

(/usr/share/texmf-dist/tex/generic/babel-german/germanb.ldf
Language: germanb 2008/06/01 v2.6m German support from the babel system

(/usr/share/texmf-dist/tex/generic/babel/babel.def
File: babel.def 2013/05/16 v3.9f Babel common definitions
\babel@savecnt=\count88
\U@D=\dimen103
)
\l@austrian = a dialect from \language\l@german 
Package babel Info: Making " an active character on input line 102.
)
(/usr/share/texmf-dist/tex/generic/babel-german/ngermanb.ldf
Language: ngermanb 2008/07/06 v2.6n new German support from the babel system
\l@naustrian = a dialect from \language\l@ngerman 
))
(/usr/share/texmf-dist/tex/latex/base/fontenc.sty
Package: fontenc 2005/09/27 v1.99g Standard LaTeX package

(/usr/share/texmf-dist/tex/latex/base/t1enc.def
File: t1enc.def 2005/09/27 v1.99g Standard LaTeX file
LaTeX Font Info:    Redeclaring font encoding T1 on input line 43.
))
(/usr/share/texmf-dist/tex/latex/psnfss/mathpazo.sty
Package: mathpazo 2005/04/12 PSNFSS-v9.2a Palatino w/ Pazo Math (D.Puga, WaS) 
\symupright=\mathgroup4
)
(/usr/share/texmf-dist/tex/latex/bera/beramono.sty
Package: beramono 2004/01/31 (WaS)
)
(/usr/share/texmf-dist/tex/latex/tools/multicol.sty
Package: multicol 2011/06/27 v1.7a multicolumn formatting (FMi)
\c@tracingmulticols=\count89
\mult@box=\box27
\multicol@leftmargin=\dimen104
\c@unbalance=\count90
\c@collectmore=\count91
\doublecol@number=\count92
\multicoltolerance=\count93
\multicolpretolerance=\count94
\full@width=\dimen105
\page@free=\dimen106
\premulticols=\dimen107
\postmulticols=\dimen108
\multicolsep=\skip47
\multicolbaselineskip=\skip48
\partial@page=\box28
\last@line=\box29
\mult@rightbox=\box30
\mult@grightbox=\box31
\mult@gfirstbox=\box32
\mult@firstbox=\box33
\@tempa=\box34
\@tempa=\box35
\@tempa=\box36
\@tempa=\box37
\@tempa=\box38
\@tempa=\box39
\@tempa=\box40
\@tempa=\box41
\@tempa=\box42
\@tempa=\box43
\@tempa=\box44
\@tempa=\box45
\@tempa=\box46
\@tempa=\box47
\@tempa=\box48
\@tempa=\box49
\@tempa=\box50
\c@columnbadness=\count95
\c@finalcolumnbadness=\count96
\last@try=\dimen109
\multicolovershoot=\dimen110
\multicolundershoot=\dimen111
\mult@nat@firstbox=\box51
\colbreak@box=\box52
\multicol@sort@counter=\count97
)
Package scrkbase Info: You've told me to redefine the font selection of the
(scrkbase)             element `sectioning' that is an alias of element
(scrkbase)             `disposition' on input line 12.

(/usr/share/texmf-dist/tex/latex/listings/listings.sty
\lst@mode=\count98
\lst@gtempboxa=\box53
\lst@token=\toks17
\lst@length=\count99
\lst@currlwidth=\dimen112
\lst@column=\count100
\lst@pos=\count101
\lst@lostspace=\dimen113
\lst@width=\dimen114
\lst@newlines=\count102
\lst@lineno=\count103
\lst@maxwidth=\dimen115

(/usr/share/texmf-dist/tex/latex/listings/lstmisc.sty
File: lstmisc.sty 2013/08/26 1.5b (Carsten Heinz)
\c@lstnumber=\count104
\lst@skipnumbers=\count105
\lst@framebox=\box54
)
(/usr/share/texmf-dist/tex/latex/listings/listings.cfg
File: listings.cfg 2013/08/26 1.5b listings configuration
))
Package: listings 2013/08/26 1.5b (Carsten Heinz)

(/usr/share/texmf-dist/tex/latex/graphics/graphicx.sty
Package: graphicx 1999/02/16 v1.0f Enhanced LaTeX Graphics (DPC,SPQR)

(/usr/share/texmf-dist/tex/latex/graphics/graphics.sty
Package: graphics 2009/02/05 v1.0o Standard LaTeX Graphics (DPC,SPQR)

(/usr/share/texmf-dist/tex/latex/graphics/trig.sty
Package: trig 1999/03/16 v1.09 sin cos tan (DPC)
)
(/usr/share/texmf-dist/tex/latex/latexconfig/graphics.cfg
File: graphics.cfg 2010/04/23 v1.9 graphics configuration of TeX Live
)
Package graphics Info: Driver file: pdftex.def on input line 91.

(/usr/share/texmf-dist/tex/latex/pdftex-def/pdftex.def
File: pdftex.def 2011/05/27 v0.06d Graphics/color for pdfTeX

(/usr/share/texmf-dist/tex/generic/oberdiek/infwarerr.sty
Package: infwarerr 2010/04/08 v1.3 Providing info/warning/error messages (HO)
)
(/usr/share/texmf-dist/tex/generic/oberdiek/ltxcmds.sty
Package: ltxcmds 2011/11/09 v1.22 LaTeX kernel commands for general use (HO)
)
\Gread@gobject=\count106
))
\Gin@req@height=\dimen116
\Gin@req@width=\dimen117
)
(/usr/share/texmf-dist/tex/latex/hyperref/hyperref.sty
Package: hyperref 2012/11/06 v6.83m Hypertext links for LaTeX

(/usr/share/texmf-dist/tex/generic/oberdiek/hobsub-hyperref.sty
Package: hobsub-hyperref 2012/05/28 v1.13 Bundle oberdiek, subset hyperref (HO)


(/usr/share/texmf-dist/tex/generic/oberdiek/hobsub-generic.sty
Package: hobsub-generic 2012/05/28 v1.13 Bundle oberdiek, subset generic (HO)
Package: hobsub 2012/05/28 v1.13 Construct package bundles (HO)
Package hobsub Info: Skipping package `infwarerr' (already loaded).
Package hobsub Info: Skipping package `ltxcmds' (already loaded).
Package: ifluatex 2010/03/01 v1.3 Provides the ifluatex switch (HO)
Package ifluatex Info: LuaTeX not detected.
Package: ifvtex 2010/03/01 v1.5 Detect VTeX and its facilities (HO)
Package ifvtex Info: VTeX not detected.
Package: intcalc 2007/09/27 v1.1 Expandable calculations with integers (HO)
Package: ifpdf 2011/01/30 v2.3 Provides the ifpdf switch (HO)
Package ifpdf Info: pdfTeX in PDF mode is detected.
Package: etexcmds 2011/02/16 v1.5 Avoid name clashes with e-TeX commands (HO)
Package etexcmds Info: Could not find \expanded.
(etexcmds)             That can mean that you are not using pdfTeX 1.50 or
(etexcmds)             that some package has redefined \expanded.
(etexcmds)             In the latter case, load this package earlier.
Package: kvsetkeys 2012/04/25 v1.16 Key value parser (HO)
Package: kvdefinekeys 2011/04/07 v1.3 Define keys (HO)
Package: pdftexcmds 2011/11/29 v0.20 Utility functions of pdfTeX for LuaTeX (HO
)
Package pdftexcmds Info: LuaTeX not detected.
Package pdftexcmds Info: \pdf@primitive is available.
Package pdftexcmds Info: \pdf@ifprimitive is available.
Package pdftexcmds Info: \pdfdraftmode found.
Package: pdfescape 2011/11/25 v1.13 Implements pdfTeX's escape features (HO)
Package: bigintcalc 2012/04/08 v1.3 Expandable calculations on big integers (HO
)
Package: bitset 2011/01/30 v1.1 Handle bit-vector datatype (HO)
Package: uniquecounter 2011/01/30 v1.2 Provide unlimited unique counter (HO)
)
Package hobsub Info: Skipping package `hobsub' (already loaded).
Package: letltxmacro 2010/09/02 v1.4 Let assignment for LaTeX macros (HO)
Package: hopatch 2012/05/28 v1.2 Wrapper for package hooks (HO)
Package: xcolor-patch 2011/01/30 xcolor patch
Package: atveryend 2011/06/30 v1.8 Hooks at the very end of document (HO)
Package atveryend Info: \enddocument detected (standard20110627).
Package: atbegshi 2011/10/05 v1.16 At begin shipout hook (HO)
Package: refcount 2011/10/16 v3.4 Data extraction from label references (HO)
Package: hycolor 2011/01/30 v1.7 Color options for hyperref/bookmark (HO)
)
(/usr/share/texmf-dist/tex/generic/ifxetex/ifxetex.sty
Package: ifxetex 2010/09/12 v0.6 Provides ifxetex conditional
)
(/usr/share/texmf-dist/tex/latex/oberdiek/auxhook.sty
Package: auxhook 2011/03/04 v1.3 Hooks for auxiliary files (HO)
)
(/usr/share/texmf-dist/tex/latex/oberdiek/kvoptions.sty
Package: kvoptions 2011/06/30 v3.11 Key value format for package options (HO)
)
\@linkdim=\dimen118
\Hy@linkcounter=\count107
\Hy@pagecounter=\count108

(/usr/share/texmf-dist/tex/latex/hyperref/pd1enc.def
File: pd1enc.def 2012/11/06 v6.83m Hyperref: PDFDocEncoding definition (HO)
Now handling font encoding PD1 ...
... no UTF-8 mapping file for font encoding PD1
)
\Hy@SavedSpaceFactor=\count109

(/usr/share/texmf-dist/tex/latex/latexconfig/hyperref.cfg
File: hyperref.cfg 2002/06/06 v1.2 hyperref configuration of TeXLive
)
Package hyperref Info: Hyper figures OFF on input line 4443.
Package hyperref Info: Link nesting OFF on input line 4448.
Package hyperref Info: Hyper index ON on input line 4451.
Package hyperref Info: Plain pages OFF on input line 4458.
Package hyperref Info: Backreferencing OFF on input line 4463.
Package hyperref Info: Implicit mode ON; LaTeX internals redefined.
Package hyperref Info: Bookmarks ON on input line 4688.
\c@Hy@tempcnt=\count110

(/usr/share/texmf-dist/tex/latex/url/url.sty
\Urlmuskip=\muskip10
Package: url 2006/04/12  ver 3.3  Verb mode for urls, etc.
)
LaTeX Info: Redefining \url on input line 5041.
\XeTeXLinkMargin=\dimen119
\Fld@menulength=\count111
\Field@Width=\dimen120
\Fld@charsize=\dimen121
Package hyperref Info: Hyper figures OFF on input line 6295.
Package hyperref Info: Link nesting OFF on input line 6300.
Package hyperref Info: Hyper index ON on input line 6303.
Package hyperref Info: backreferencing OFF on input line 6310.
Package hyperref Info: Link coloring OFF on input line 6315.
Package hyperref Info: Link coloring with OCG OFF on input line 6320.
Package hyperref Info: PDF/A mode OFF on input line 6325.
LaTeX Info: Redefining \ref on input line 6365.
LaTeX Info: Redefining \pageref on input line 6369.
\Hy@abspage=\count112
\c@Item=\count113
\c@Hfootnote=\count114
)

Package hyperref Message: Driver: hpdftex.

(/usr/share/texmf-dist/tex/latex/hyperref/hpdftex.def
File: hpdftex.def 2012/11/06 v6.83m Hyperref driver for pdfTeX
\Fld@listcount=\count115
\c@bookmark@seq@number=\count116

(/usr/share/texmf-dist/tex/latex/oberdiek/rerunfilecheck.sty
Package: rerunfilecheck 2011/04/15 v1.7 Rerun checks for auxiliary files (HO)
Package uniquecounter Info: New unique counter `rerunfilecheck' on input line 2
82.
)
\Hy@SectionHShift=\skip49
)
(./Ausarbeitung.aux)
\openout1 = `Ausarbeitung.aux'.

LaTeX Font Info:    Checking defaults for OML/cmm/m/it on input line 21.
LaTeX Font Info:    ... okay on input line 21.
LaTeX Font Info:    Checking defaults for T1/cmr/m/n on input line 21.
LaTeX Font Info:    ... okay on input line 21.
LaTeX Font Info:    Checking defaults for OT1/cmr/m/n on input line 21.
LaTeX Font Info:    ... okay on input line 21.
LaTeX Font Info:    Checking defaults for OMS/cmsy/m/n on input line 21.
LaTeX Font Info:    ... okay on input line 21.
LaTeX Font Info:    Checking defaults for OMX/cmex/m/n on input line 21.
LaTeX Font Info:    ... okay on input line 21.
LaTeX Font Info:    Checking defaults for U/cmr/m/n on input line 21.
LaTeX Font Info:    ... okay on input line 21.
LaTeX Font Info:    Checking defaults for PD1/pdf/m/n on input line 21.
LaTeX Font Info:    ... okay on input line 21.
LaTeX Font Info:    Try loading font information for T1+pplx on input line 21.
 (/usr/share/texmf-dist/tex/latex/psnfss/t1pplx.fd
File: t1pplx.fd 2004/09/06 font definitions for T1/pplx.
)
\big@size=\dimen122
\c@lstlisting=\count117

(/usr/share/texmf-dist/tex/context/base/supp-pdf.mkii
[Loading MPS to PDF converter (version 2006.09.02).]
\scratchcounter=\count118
\scratchdimen=\dimen123
\scratchbox=\box55
\nofMPsegments=\count119
\nofMParguments=\count120
\everyMPshowfont=\toks18
\MPscratchCnt=\count121
\MPscratchDim=\dimen124
\MPnumerator=\count122
\makeMPintoPDFobject=\count123
\everyMPtoPDFconversion=\toks19
) (/usr/share/texmf-dist/tex/latex/oberdiek/epstopdf-base.sty
Package: epstopdf-base 2010/02/09 v2.5 Base part for package epstopdf

(/usr/share/texmf-dist/tex/latex/oberdiek/grfext.sty
Package: grfext 2010/08/19 v1.1 Manage graphics extensions (HO)
)
Package grfext Info: Graphics extension search list:
(grfext)             [.png,.pdf,.jpg,.mps,.jpeg,.jbig2,.jb2,.PNG,.PDF,.JPG,.JPE
G,.JBIG2,.JB2,.eps]
(grfext)             \AppendGraphicsExtensions on input line 452.

(/usr/share/texmf-dist/tex/latex/latexconfig/epstopdf-sys.cfg
File: epstopdf-sys.cfg 2010/07/13 v1.3 Configuration of (r)epstopdf for TeX Liv
e
))
\AtBeginShipoutBox=\box56
Package hyperref Info: Link coloring OFF on input line 21.

(/usr/share/texmf-dist/tex/latex/hyperref/nameref.sty
Package: nameref 2012/10/27 v2.43 Cross-referencing by name of section

(/usr/share/texmf-dist/tex/generic/oberdiek/gettitlestring.sty
Package: gettitlestring 2010/12/03 v1.4 Cleanup title references (HO)
)
\c@section@level=\count124
)
LaTeX Info: Redefining \ref on input line 21.
LaTeX Info: Redefining \pageref on input line 21.
LaTeX Info: Redefining \nameref on input line 21.
\@outlinefile=\write3
\openout3 = `Ausarbeitung.out'.

LaTeX Font Info:    Font shape `T1/pplx/bx/n' in size <10.95> not available
(Font)              Font shape `T1/pplx/b/n' tried instead on input line 36.
LaTeX Font Info:    Font shape `T1/pplx/bx/n' in size <20.74> not available
(Font)              Font shape `T1/pplx/b/n' tried instead on input line 36.
LaTeX Font Info:    Try loading font information for OT1+pplx on input line 36.


(/usr/share/texmf-dist/tex/latex/psnfss/ot1pplx.fd
File: ot1pplx.fd 2004/09/06 font definitions for OT1/pplx.
)
LaTeX Font Info:    Try loading font information for OML+zplm on input line 36.


(/usr/share/texmf-dist/tex/latex/psnfss/omlzplm.fd
File: omlzplm.fd 2002/09/08 Fontinst v1.914 font definitions for OML/zplm.
)
LaTeX Font Info:    Try loading font information for OMS+zplm on input line 36.


(/usr/share/texmf-dist/tex/latex/psnfss/omszplm.fd
File: omszplm.fd 2002/09/08 Fontinst v1.914 font definitions for OMS/zplm.
)
LaTeX Font Info:    Try loading font information for OMX+zplm on input line 36.


(/usr/share/texmf-dist/tex/latex/psnfss/omxzplm.fd
File: omxzplm.fd 2002/09/08 Fontinst v1.914 font definitions for OMX/zplm.
)
LaTeX Font Info:    Try loading font information for OT1+zplm on input line 36.


(/usr/share/texmf-dist/tex/latex/psnfss/ot1zplm.fd
File: ot1zplm.fd 2002/09/08 Fontinst v1.914 font definitions for OT1/zplm.
)
LaTeX Font Info:    Font shape `T1/pplx/bx/n' in size <14.4> not available
(Font)              Font shape `T1/pplx/b/n' tried instead on input line 36.
Package babel Info: Redefining ngerman shorthand "|
(babel)             in language  on input line 42.
Package babel Info: Redefining ngerman shorthand "~
(babel)             in language  on input line 42.
Package babel Info: Redefining ngerman shorthand "|
(babel)             in language  on input line 42.
Package babel Info: Redefining ngerman shorthand "~
(babel)             in language  on input line 42.
 [1


{/var/lib/texmf/fonts/map/pdftex/updmap/pdftex.map}] (./Ausarbeitung.toc)
\tf@toc=\write4
\openout4 = `Ausarbeitung.toc'.

Package babel Info: Redefining ngerman shorthand "|
(babel)             in language  on input line 44.
Package babel Info: Redefining ngerman shorthand "~
(babel)             in language  on input line 44.
Package babel Info: Redefining ngerman shorthand "|
(babel)             in language  on input line 44.
Package babel Info: Redefining ngerman shorthand "~
(babel)             in language  on input line 44.
 [2]
Package babel Info: Redefining ngerman shorthand "|
(babel)             in language  on input line 45.
Package babel Info: Redefining ngerman shorthand "~
(babel)             in language  on input line 45.
Package babel Info: Redefining ngerman shorthand "|
(babel)             in language  on input line 49.
Package babel Info: Redefining ngerman shorthand "~
(babel)             in language  on input line 49.
LaTeX Font Info:    Font shape `T1/pplx/bx/n' in size <12> not available
(Font)              Font shape `T1/pplx/b/n' tried instead on input line 51.
Package babel Info: Redefining ngerman shorthand "|
(babel)             in language  on input line 51.
Package babel Info: Redefining ngerman shorthand "~
(babel)             in language  on input line 51.
Package babel Info: Redefining ngerman shorthand "|
(babel)             in language  on input line 54.
Package babel Info: Redefining ngerman shorthand "~
(babel)             in language  on input line 54.
Package babel Info: Redefining ngerman shorthand "|
(babel)             in language  on input line 56.
Package babel Info: Redefining ngerman shorthand "~
(babel)             in language  on input line 56.
Package babel Info: Redefining ngerman shorthand "|
(babel)             in language  on input line 56.
Package babel Info: Redefining ngerman shorthand "~
(babel)             in language  on input line 56.
 [3]
Package babel Info: Redefining ngerman shorthand "|
(babel)             in language  on input line 57.
Package babel Info: Redefining ngerman shorthand "~
(babel)             in language  on input line 57.
Package epstopdf Info: Source file: <async.eps>
(epstopdf)                    date: 2014-01-17 11:08:19
(epstopdf)                    size: 31739 bytes
(epstopdf)             Output file: <async-eps-converted-to.pdf>
(epstopdf)                    date: 2014-01-17 11:08:19
(epstopdf)                    size: 17830 bytes
(epstopdf)             Command: <repstopdf --outfile=async-eps-converted-to.pdf
 async.eps>
(epstopdf)             \includegraphics on input line 61.
Package epstopdf Info: Output file is already uptodate.

<async-eps-converted-to.pdf, id=59, 836.12375pt x 249.93375pt>
File: async-eps-converted-to.pdf Graphic file (type pdf)

<use async-eps-converted-to.pdf>
Package pdftex.def Info: async-eps-converted-to.pdf used on input line 61.
(pdftex.def)             Requested size: 418.25555pt x 125.02757pt.
Package babel Info: Redefining ngerman shorthand "|
(babel)             in language  on input line 82.
Package babel Info: Redefining ngerman shorthand "~
(babel)             in language  on input line 82.
Package babel Info: Redefining ngerman shorthand "|
(babel)             in language  on input line 82.
Package babel Info: Redefining ngerman shorthand "~
(babel)             in language  on input line 82.
 [4 <./async-eps-converted-to.pdf>]
Package babel Info: Redefining ngerman shorthand "|
(babel)             in language  on input line 98.
Package babel Info: Redefining ngerman shorthand "~
(babel)             in language  on input line 98.
Package babel Info: Redefining ngerman shorthand "|
(babel)             in language  on input line 101.
Package babel Info: Redefining ngerman shorthand "~
(babel)             in language  on input line 101.
Package babel Info: Redefining ngerman shorthand "|
(babel)             in language  on input line 109.
Package babel Info: Redefining ngerman shorthand "~
(babel)             in language  on input line 109.
Package babel Info: Redefining ngerman shorthand "|
(babel)             in language  on input line 109.
Package babel Info: Redefining ngerman shorthand "~
(babel)             in language  on input line 109.
 [5]
Package babel Info: Redefining ngerman shorthand "|
(babel)             in language  on input line 111.
Package babel Info: Redefining ngerman shorthand "~
(babel)             in language  on input line 111.

Underfull \hbox (badness 10000) in paragraph at lines 112--115

 []

Package babel Info: Redefining ngerman shorthand "|
(babel)             in language  on input line 119.
Package babel Info: Redefining ngerman shorthand "~
(babel)             in language  on input line 119.

Overfull \hbox (5.027pt too wide) in paragraph at lines 120--121
\T1/pplx/m/n/10.95 Bei der asym-me-tri-schen Kryp-to-gra-phie er-ge-ben sich au
f-grund ih-rer be-son-de-ren Grund-
 []

Package babel Info: Redefining ngerman shorthand "|
(babel)             in language  on input line 126.
Package babel Info: Redefining ngerman shorthand "~
(babel)             in language  on input line 126.
Package babel Info: Redefining ngerman shorthand "|
(babel)             in language  on input line 126.
Package babel Info: Redefining ngerman shorthand "~
(babel)             in language  on input line 126.
[6]
Package babel Info: Redefining ngerman shorthand "|
(babel)             in language  on input line 133.
Package babel Info: Redefining ngerman shorthand "~
(babel)             in language  on input line 133.

Underfull \hbox (badness 10000) in paragraph at lines 134--137

 []

Package babel Info: Redefining ngerman shorthand "|
(babel)             in language  on input line 137.
Package babel Info: Redefining ngerman shorthand "~
(babel)             in language  on input line 137.
Package babel Info: Redefining ngerman shorthand "|
(babel)             in language  on input line 137.
Package babel Info: Redefining ngerman shorthand "~
(babel)             in language  on input line 137.
[7]
Package babel Info: Redefining ngerman shorthand "|
(babel)             in language  on input line 138.
Package babel Info: Redefining ngerman shorthand "~
(babel)             in language  on input line 138.
Package babel Info: Redefining ngerman shorthand "|
(babel)             in language  on input line 140.
Package babel Info: Redefining ngerman shorthand "~
(babel)             in language  on input line 140.
Package babel Info: Redefining ngerman shorthand "|
(babel)             in language  on input line 155.
Package babel Info: Redefining ngerman shorthand "~
(babel)             in language  on input line 155.

Overfull \hbox (10.9216pt too wide) in paragraph at lines 168--169
[]\T1/pplx/m/n/10.95 Der Ge-ne-ra-tor be-fin-det sich im Pro-vi-der $\OML/zplm/
m/it/10.95 SUN$ \T1/pplx/m/n/10.95 und trägt die Be-zeich-nung $\OML/zplm/m/it/
10.95 SHA\OT1/pplx/m/n/10.95 1\OML/zplm/m/it/10.95 PRNG$\T1/pplx/m/n/10.95 .
 []

Package babel Info: Redefining ngerman shorthand "|
(babel)             in language  on input line 176.
Package babel Info: Redefining ngerman shorthand "~
(babel)             in language  on input line 176.
Package babel Info: Redefining ngerman shorthand "|
(babel)             in language  on input line 176.
Package babel Info: Redefining ngerman shorthand "~
(babel)             in language  on input line 176.
[8]
Package babel Info: Redefining ngerman shorthand "|
(babel)             in language  on input line 177.
Package babel Info: Redefining ngerman shorthand "~
(babel)             in language  on input line 177.

Overfull \hbox (8.34308pt too wide) in paragraph at lines 178--193
\T1/pplx/m/n/10.95 Wie in Ab-bil-dung 3 er-kenn-bar nutzt das JCA die Klas-sen 
$\OML/zplm/m/it/10.95 KeyPairGenerator$ \T1/pplx/m/n/10.95 und $\OML/zplm/m/it/
10.95 KeyPair$\T1/pplx/m/n/10.95 ,
 []


Overfull \hbox (1.24733pt too wide) in paragraph at lines 178--193
\T1/pplx/m/n/10.95 hier-bei ein $\OML/zplm/m/it/10.95 KeyPairGenerator$ \T1/ppl
x/m/n/10.95 mit der $\OML/zplm/m/it/10.95 KeyPairGenerator\OT1/pplx/m/n/10.95 .
\OML/zplm/m/it/10.95 getInstance\OT1/zplm/m/n/10.95 ()$ \T1/pplx/m/n/10.95 Me-t
ho-de er-zeugt.
 []

Package babel Info: Redefining ngerman shorthand "|
(babel)             in language  on input line 194.
Package babel Info: Redefining ngerman shorthand "~
(babel)             in language  on input line 194.
Package babel Info: Redefining ngerman shorthand "|
(babel)             in language  on input line 197.
Package babel Info: Redefining ngerman shorthand "~
(babel)             in language  on input line 197.
Package babel Info: Redefining ngerman shorthand "|
(babel)             in language  on input line 197.
Package babel Info: Redefining ngerman shorthand "~
(babel)             in language  on input line 197.
[9]
LaTeX Font Info:    Try loading font information for OMS+pplx on input line 198
.
LaTeX Font Info:    No file OMSpplx.fd. on input line 198.


LaTeX Font Warning: Font shape `OMS/pplx/m/n' undefined
(Font)              using `OMS/cmsy/m/n' instead
(Font)              for symbol `textbullet' on input line 198.

Package babel Info: Redefining ngerman shorthand "|
(babel)             in language  on input line 209.
Package babel Info: Redefining ngerman shorthand "~
(babel)             in language  on input line 209.
<KeyAgreement.jpeg, id=148, 420.57124pt x 193.72375pt>
File: KeyAgreement.jpeg Graphic file (type jpg)
 <use KeyAgreement.jpeg>
Package pdftex.def Info: KeyAgreement.jpeg used on input line 214.
(pdftex.def)             Requested size: 418.25555pt x 192.6591pt.

Overfull \hbox (3.03407pt too wide) in paragraph at lines 217--243
\T1/pplx/m/n/10.95 mit sei-nem pri-va-ten Schlüs-sel, wel-ches von dem Ge-spräc
hs-part-ner mit ei-nem $\OML/zplm/m/it/10.95 doPhase\OT1/zplm/m/n/10.95 ()$
 []

Package babel Info: Redefining ngerman shorthand "|
(babel)             in language  on input line 243.
Package babel Info: Redefining ngerman shorthand "~
(babel)             in language  on input line 243.
Package babel Info: Redefining ngerman shorthand "|
(babel)             in language  on input line 243.
Package babel Info: Redefining ngerman shorthand "~
(babel)             in language  on input line 243.
[10 <./KeyAgreement.jpeg>]
Package babel Info: Redefining ngerman shorthand "|
(babel)             in language  on input line 244.
Package babel Info: Redefining ngerman shorthand "~
(babel)             in language  on input line 244.
Package babel Info: Redefining ngerman shorthand "|
(babel)             in language  on input line 259.
Package babel Info: Redefining ngerman shorthand "~
(babel)             in language  on input line 259.
Package babel Info: Redefining ngerman shorthand "|
(babel)             in language  on input line 259.
Package babel Info: Redefining ngerman shorthand "~
(babel)             in language  on input line 259.
 [11]
Package babel Info: Redefining ngerman shorthand "|
(babel)             in language  on input line 270.
Package babel Info: Redefining ngerman shorthand "~
(babel)             in language  on input line 270.
Package babel Info: Redefining ngerman shorthand "|
(babel)             in language  on input line 272.
Package babel Info: Redefining ngerman shorthand "~
(babel)             in language  on input line 272.
Package babel Info: Redefining ngerman shorthand "|
(babel)             in language  on input line 272.
Package babel Info: Redefining ngerman shorthand "~
(babel)             in language  on input line 272.
 [12] (./Ausarbeitung.bbl
LaTeX Font Info:    Try loading font information for T1+fvm on input line 12.

(/usr/share/texmf-dist/tex/latex/bera/t1fvm.fd
File: t1fvm.fd 2004/09/07 scalable font definitions for T1/fvm.
)
LaTeX Font Info:    Font shape `T1/fvm/m/n' will be
(Font)              scaled to size 9.85492pt on input line 12.

Underfull \hbox (badness 1762) in paragraph at lines 9--15
[]\T1/pplx/m/n/10.95 Oracle.  Ja-va Cryp-to-gra-phy Ar-chi-tec-ture (JCA) Re-fe
-rence Gui-de.  []$\T1/fvm/m/n/10.95 http :
 []


Underfull \hbox (badness 10000) in paragraph at lines 9--15
\T1/fvm/m/n/10.95 / / docs . oracle . com / javase / 6 / docs / technotes / gui
des / security / crypto /
 []

)
Package atveryend Info: Empty hook `BeforeClearDocument' on input line 276.
Package babel Info: Redefining ngerman shorthand "|
(babel)             in language  on input line 276.
Package babel Info: Redefining ngerman shorthand "~
(babel)             in language  on input line 276.
Package babel Info: Redefining ngerman shorthand "|
(babel)             in language  on input line 276.
Package babel Info: Redefining ngerman shorthand "~
(babel)             in language  on input line 276.
 [13]
Package atveryend Info: Empty hook `AfterLastShipout' on input line 276.
 (./Ausarbeitung.aux)
Package atveryend Info: Executing hook `AtVeryEndDocument' on input line 276.
Package atveryend Info: Executing hook `AtEndAfterFileList' on input line 276.


Package rerunfilecheck Warning: File `Ausarbeitung.out' has changed.
(rerunfilecheck)                Rerun to get outlines right
(rerunfilecheck)                or use package `bookmark'.

Package rerunfilecheck Info: Checksums for `Ausarbeitung.out':
(rerunfilecheck)             Before: <no file>
(rerunfilecheck)             After:  49146854D117A92CA26B79AA6126DE24;1234.

LaTeX Font Warning: Some font shapes were not available, defaults substituted.

Package atveryend Info: Empty hook `AtVeryVeryEnd' on input line 276.
 ) 
Here is how much of TeX's memory you used:
 9202 strings out of 493311
 132517 string characters out of 6143649
 257937 words of memory out of 5000000
 12393 multiletter control sequences out of 15000+600000
 36472 words of font info for 78 fonts, out of 8000000 for 9000
 966 hyphenation exceptions out of 8191
 36i,6n,37p,1382b,1133s stack positions out of 5000i,500n,10000p,200000b,80000s
{/usr/share/texmf-dist/fonts/enc/dvips/base/8r.enc}</usr/share/texmf-dist/fon
ts/type1/public/amsfonts/cm/cmex10.pfb></usr/share/texmf-dist/fonts/type1/publi
c/amsfonts/cm/cmmi10.pfb></usr/share/texmf-dist/fonts/type1/public/amsfonts/cm/
cmr10.pfb></usr/share/texmf-dist/fonts/type1/public/amsfonts/cm/cmsy10.pfb></us
r/share/texmf-dist/fonts/type1/public/mathpazo/fplmr.pfb></usr/share/texmf-dist
/fonts/type1/public/mathpazo/fplmri.pfb></usr/share/texmf-dist/fonts/type1/publ
ic/bera/fvmr8a.pfb></usr/share/texmf-dist/fonts/type1/urw/palatino/uplb8a.pfb><
/usr/share/texmf-dist/fonts/type1/urw/palatino/uplr8a.pfb></usr/share/texmf-dis
t/fonts/type1/urw/palatino/uplri8a.pfb>
Output written on Ausarbeitung.pdf (13 pages, 169809 bytes).
PDF statistics:
 261 PDF objects out of 1000 (max. 8388607)
 231 compressed objects within 3 object streams
 109 named destinations out of 1000 (max. 500000)
 11 words of extra memory for PDF output out of 10000 (max. 10000000)

